[debug] [2026-03-14T13:42:02.403Z] ----------------------------------------------------------------------
[debug] [2026-03-14T13:42:02.404Z] Command:       /Users/yonifra/.nvm/versions/node/v20.18.3/bin/node /Users/yonifra/.nvm/versions/node/v20.18.3/bin/firebase deploy --only functions
[debug] [2026-03-14T13:42:02.404Z] CLI Version:   15.10.0
[debug] [2026-03-14T13:42:02.404Z] Platform:      darwin
[debug] [2026-03-14T13:42:02.404Z] Node Version:  v20.18.3
[debug] [2026-03-14T13:42:02.404Z] Time:          Sat Mar 14 2026 15:42:02 GMT+0200 (Israel Standard Time)
[debug] [2026-03-14T13:42:02.404Z] ----------------------------------------------------------------------
[debug] 
[debug] [2026-03-14T13:42:03.139Z] > command requires scopes: ["email","openid","https://www.googleapis.com/auth/cloudplatformprojects.readonly","https://www.googleapis.com/auth/firebase","https://www.googleapis.com/auth/cloud-platform"]
[debug] [2026-03-14T13:42:03.139Z] > authorizing via signed-in user (yonifra@gmail.com)
[debug] [2026-03-14T13:42:03.139Z] [iam] checking project cal-10295 for permissions ["cloudfunctions.functions.create","cloudfunctions.functions.delete","cloudfunctions.functions.get","cloudfunctions.functions.list","cloudfunctions.functions.update","cloudfunctions.operations.get","firebase.projects.get"]
[debug] [2026-03-14T13:42:03.140Z] Checked if tokens are valid: true, expires at: 1773499010394
[debug] [2026-03-14T13:42:03.140Z] Checked if tokens are valid: true, expires at: 1773499010394
[debug] [2026-03-14T13:42:03.140Z] >>> [apiv2][query] POST https://cloudresourcemanager.googleapis.com/v1/projects/cal-10295:testIamPermissions [none]
[debug] [2026-03-14T13:42:03.140Z] >>> [apiv2][(partial)header] POST https://cloudresourcemanager.googleapis.com/v1/projects/cal-10295:testIamPermissions  x-goog-user-project=cal-10295
[debug] [2026-03-14T13:42:03.140Z] >>> [apiv2][body] POST https://cloudresourcemanager.googleapis.com/v1/projects/cal-10295:testIamPermissions {"permissions":["cloudfunctions.functions.create","cloudfunctions.functions.delete","cloudfunctions.functions.get","cloudfunctions.functions.list","cloudfunctions.functions.update","cloudfunctions.operations.get","firebase.projects.get"]}
[debug] [2026-03-14T13:42:04.127Z] <<< [apiv2][status] POST https://cloudresourcemanager.googleapis.com/v1/projects/cal-10295:testIamPermissions 200
[debug] [2026-03-14T13:42:04.127Z] <<< [apiv2][body] POST https://cloudresourcemanager.googleapis.com/v1/projects/cal-10295:testIamPermissions {"permissions":["cloudfunctions.functions.create","cloudfunctions.functions.delete","cloudfunctions.functions.get","cloudfunctions.functions.list","cloudfunctions.functions.update","cloudfunctions.operations.get","firebase.projects.get"]}
[debug] [2026-03-14T13:42:04.127Z] Checked if tokens are valid: true, expires at: 1773499010394
[debug] [2026-03-14T13:42:04.127Z] Checked if tokens are valid: true, expires at: 1773499010394
[debug] [2026-03-14T13:42:04.127Z] >>> [apiv2][query] POST https://iam.googleapis.com/v1/projects/cal-10295/serviceAccounts/cal-10295@appspot.gserviceaccount.com:testIamPermissions [none]
[debug] [2026-03-14T13:42:04.127Z] >>> [apiv2][body] POST https://iam.googleapis.com/v1/projects/cal-10295/serviceAccounts/cal-10295@appspot.gserviceaccount.com:testIamPermissions {"permissions":["iam.serviceAccounts.actAs"]}
[debug] [2026-03-14T13:42:05.159Z] <<< [apiv2][status] POST https://iam.googleapis.com/v1/projects/cal-10295/serviceAccounts/cal-10295@appspot.gserviceaccount.com:testIamPermissions 200
[debug] [2026-03-14T13:42:05.160Z] <<< [apiv2][body] POST https://iam.googleapis.com/v1/projects/cal-10295/serviceAccounts/cal-10295@appspot.gserviceaccount.com:testIamPermissions {"permissions":["iam.serviceAccounts.actAs"]}
[info] 
[info] === Deploying to 'cal-10295'...
[info] 
[info] i  deploying functions 
[debug] [2026-03-14T13:42:05.161Z] Checked if tokens are valid: true, expires at: 1773499010394
[debug] [2026-03-14T13:42:05.161Z] Checked if tokens are valid: true, expires at: 1773499010394
[debug] [2026-03-14T13:42:05.161Z] >>> [apiv2][query] GET https://cloudresourcemanager.googleapis.com/v1/projects/cal-10295 [none]
[debug] [2026-03-14T13:42:05.371Z] <<< [apiv2][status] GET https://cloudresourcemanager.googleapis.com/v1/projects/cal-10295 200
[debug] [2026-03-14T13:42:05.372Z] <<< [apiv2][body] GET https://cloudresourcemanager.googleapis.com/v1/projects/cal-10295 {"projectNumber":"408779182239","projectId":"cal-10295","lifecycleState":"ACTIVE","name":"67cal","labels":{"firebase":"enabled","firebase-core":"disabled"},"createTime":"2026-03-13T12:48:16.529124Z"}
[info] i  functions: preparing codebase default for deployment 
[info] i  functions: ensuring required API cloudfunctions.googleapis.com is enabled... 
[info] i  functions: ensuring required API cloudbuild.googleapis.com is enabled... 
[info] i  artifactregistry: ensuring required API artifactregistry.googleapis.com is enabled... 
[debug] [2026-03-14T13:42:05.374Z] Checked if tokens are valid: true, expires at: 1773499010394
[debug] [2026-03-14T13:42:05.374Z] Checked if tokens are valid: true, expires at: 1773499010394
[debug] [2026-03-14T13:42:05.374Z] >>> [apiv2][query] GET https://firebase.googleapis.com/v1beta1/projects/cal-10295/adminSdkConfig [none]
[debug] [2026-03-14T13:42:06.008Z] <<< [apiv2][status] GET https://firebase.googleapis.com/v1beta1/projects/cal-10295/adminSdkConfig 200
[debug] [2026-03-14T13:42:06.008Z] <<< [apiv2][body] GET https://firebase.googleapis.com/v1beta1/projects/cal-10295/adminSdkConfig {"projectId":"cal-10295","storageBucket":"cal-10295.firebasestorage.app"}
[debug] [2026-03-14T13:42:06.008Z] Checked if tokens are valid: true, expires at: 1773499010394
[debug] [2026-03-14T13:42:06.008Z] Checked if tokens are valid: true, expires at: 1773499010394
[debug] [2026-03-14T13:42:06.009Z] >>> [apiv2][query] GET https://runtimeconfig.googleapis.com/v1beta1/projects/cal-10295/configs [none]
[debug] [2026-03-14T13:42:06.386Z] <<< [apiv2][status] GET https://runtimeconfig.googleapis.com/v1beta1/projects/cal-10295/configs 200
[debug] [2026-03-14T13:42:06.386Z] <<< [apiv2][body] GET https://runtimeconfig.googleapis.com/v1beta1/projects/cal-10295/configs {}
[debug] [2026-03-14T13:42:06.388Z] Validating nodejs source
[warn] ⚠  functions: Runtime Node.js 20 will be deprecated on 2026-04-30 and will be decommissioned on 2026-10-30, after which you will not be able to deploy without upgrading. Consider upgrading now to avoid disruption. See https://cloud.google.com/functions/docs/runtime-support for full details on the lifecycle policy 
[warn] ⚠  functions: package.json indicates an outdated version of firebase-functions. Please upgrade using npm install --save firebase-functions@latest in your functions directory. 
[warn] ⚠  functions: Please note that there will be breaking changes when you upgrade. 
[debug] [2026-03-14T13:42:06.752Z] > [functions] package.json contents: {
  "name": "67cal-functions",
  "version": "1.0.0",
  "main": "lib/index.js",
  "scripts": {
    "build": "tsc",
    "serve": "npm run build && firebase emulators:start --only functions",
    "deploy": "firebase deploy --only functions"
  },
  "engines": {
    "node": "20"
  },
  "dependencies": {
    "bcryptjs": "^2.4.3",
    "firebase-admin": "^12.0.0",
    "firebase-functions": "^5.0.0",
    "nodemailer": "^8.0.2"
  },
  "devDependencies": {
    "@types/bcryptjs": "^2.4.6",
    "@types/nodemailer": "^7.0.11",
    "typescript": "^5.4.0"
  }
}
[debug] [2026-03-14T13:42:06.752Z] Building nodejs source
[info] i  functions: Loading and analyzing source code for codebase default to determine what to deploy 
[debug] [2026-03-14T13:42:06.752Z] Could not find functions.yaml. Must use http discovery
[debug] [2026-03-14T13:42:06.757Z] Found firebase-functions binary at '/Users/yonifra/Documents/Projects/67cal/functions/node_modules/.bin/firebase-functions'
[info] Serving at port 8349

[debug] [2026-03-14T13:42:07.032Z] Got response from /__/functions.yaml {"endpoints":{"onEventUpdated":{"availableMemoryMb":null,"timeoutSeconds":null,"minInstances":null,"maxInstances":null,"ingressSettings":null,"concurrency":null,"serviceAccountEmail":null,"vpc":null,"platform":"gcfv2","labels":{},"eventTrigger":{"eventType":"google.cloud.firestore.document.v1.updated","eventFilters":{"database":"(default)","namespace":"(default)"},"eventFilterPathPatterns":{"document":"calendars/{calendarId}/events/{eventId}"},"retry":false},"entryPoint":"onEventUpdated"},"verifyCalendarPassword":{"platform":"gcfv1","labels":{},"availableMemoryMb":null,"timeoutSeconds":null,"minInstances":null,"maxInstances":null,"ingressSettings":null,"serviceAccountEmail":null,"vpc":null,"callableTrigger":{},"entryPoint":"verifyCalendarPassword"},"hashCalendarPassword":{"platform":"gcfv1","labels":{},"availableMemoryMb":null,"timeoutSeconds":null,"minInstances":null,"maxInstances":null,"ingressSettings":null,"serviceAccountEmail":null,"vpc":null,"callableTrigger":{},"entryPoint":"hashCalendarPassword"}},"specVersion":"v1alpha1","requiredAPIs":[],"extensions":{},"params":[{"name":"SMTP_HOST","type":"string","default":""},{"name":"SMTP_PORT","type":"string","default":"587"},{"name":"SMTP_USER","type":"string","default":""},{"name":"SMTP_PASS","type":"string","default":""},{"name":"SMTP_FROM","type":"string","default":""},{"name":"APP_URL","type":"string","default":"https://67cal.com"}]}
[info] i  extensions: ensuring required API firebaseextensions.googleapis.com is enabled... 
[debug] [2026-03-14T13:42:11.051Z] > command requires scopes: ["email","openid","https://www.googleapis.com/auth/cloudplatformprojects.readonly","https://www.googleapis.com/auth/firebase","https://www.googleapis.com/auth/cloud-platform"]
[debug] [2026-03-14T13:42:11.051Z] > authorizing via signed-in user (yonifra@gmail.com)
[debug] [2026-03-14T13:42:11.051Z] [iam] checking project cal-10295 for permissions ["firebase.projects.get","firebaseextensions.instances.list"]
[debug] [2026-03-14T13:42:11.051Z] Checked if tokens are valid: true, expires at: 1773499010394
[debug] [2026-03-14T13:42:11.052Z] Checked if tokens are valid: true, expires at: 1773499010394
[debug] [2026-03-14T13:42:11.052Z] >>> [apiv2][query] POST https://cloudresourcemanager.googleapis.com/v1/projects/cal-10295:testIamPermissions [none]
[debug] [2026-03-14T13:42:11.052Z] >>> [apiv2][(partial)header] POST https://cloudresourcemanager.googleapis.com/v1/projects/cal-10295:testIamPermissions  x-goog-user-project=cal-10295
[debug] [2026-03-14T13:42:11.052Z] >>> [apiv2][body] POST https://cloudresourcemanager.googleapis.com/v1/projects/cal-10295:testIamPermissions {"permissions":["firebase.projects.get","firebaseextensions.instances.list"]}
[debug] [2026-03-14T13:42:11.470Z] <<< [apiv2][status] POST https://cloudresourcemanager.googleapis.com/v1/projects/cal-10295:testIamPermissions 200
[debug] [2026-03-14T13:42:11.470Z] <<< [apiv2][body] POST https://cloudresourcemanager.googleapis.com/v1/projects/cal-10295:testIamPermissions {"permissions":["firebase.projects.get","firebaseextensions.instances.list"]}
[debug] [2026-03-14T13:42:11.470Z] Checked if tokens are valid: true, expires at: 1773499010394
[debug] [2026-03-14T13:42:11.470Z] Checked if tokens are valid: true, expires at: 1773499010394
[debug] [2026-03-14T13:42:11.471Z] >>> [apiv2][query] GET https://firebaseextensions.googleapis.com/v1beta/projects/cal-10295/instances pageSize=100&pageToken=
[debug] [2026-03-14T13:42:12.641Z] <<< [apiv2][status] GET https://firebaseextensions.googleapis.com/v1beta/projects/cal-10295/instances 200
[debug] [2026-03-14T13:42:12.641Z] <<< [apiv2][body] GET https://firebaseextensions.googleapis.com/v1beta/projects/cal-10295/instances {}
[debug] [2026-03-14T13:45:24.784Z] ExitPromptError: User force closed the prompt with SIGINT
    at Interface.sigint (/Users/yonifra/.nvm/versions/node/v20.18.3/lib/node_modules/firebase-tools/node_modules/@inquirer/core/dist/commonjs/lib/create-prompt.js:101:37)
    at Interface.emit (node:events:518:28)
    at [_ttyWrite] [as _ttyWrite] (node:internal/readline/interface:1125:18)
    at ReadStream.onkeypress (node:internal/readline/interface:264:20)
    at ReadStream.emit (node:events:530:35)
    at emitKeys (node:internal/readline/utils:371:14)
    at emitKeys.next (<anonymous>)
    at ReadStream.onData (node:internal/readline/emitKeypressEvents:64:36)
    at ReadStream.emit (node:events:518:28)
    at addChunk (node:internal/streams/readable:561:12)
[error] 
[error] Error: An unexpected error has occurred.
